running egg_info
creating ../../build/acc_waypoint_navigation/acc_waypoint_navigation.egg-info
writing ../../build/acc_waypoint_navigation/acc_waypoint_navigation.egg-info/PKG-INFO
writing dependency_links to ../../build/acc_waypoint_navigation/acc_waypoint_navigation.egg-info/dependency_links.txt
writing entry points to ../../build/acc_waypoint_navigation/acc_waypoint_navigation.egg-info/entry_points.txt
writing requirements to ../../build/acc_waypoint_navigation/acc_waypoint_navigation.egg-info/requires.txt
writing top-level names to ../../build/acc_waypoint_navigation/acc_waypoint_navigation.egg-info/top_level.txt
writing manifest file '../../build/acc_waypoint_navigation/acc_waypoint_navigation.egg-info/SOURCES.txt'
reading manifest file '../../build/acc_waypoint_navigation/acc_waypoint_navigation.egg-info/SOURCES.txt'
writing manifest file '../../build/acc_waypoint_navigation/acc_waypoint_navigation.egg-info/SOURCES.txt'
running build
running build_py
creating /home/admin1/acc_robotics_ws/build/acc_waypoint_navigation/build
creating /home/admin1/acc_robotics_ws/build/acc_waypoint_navigation/build/lib
creating /home/admin1/acc_robotics_ws/build/acc_waypoint_navigation/build/lib/acc_waypoint_navigation
copying acc_waypoint_navigation/waypoint_nav.py -> /home/admin1/acc_robotics_ws/build/acc_waypoint_navigation/build/lib/acc_waypoint_navigation
copying acc_waypoint_navigation/__init__.py -> /home/admin1/acc_robotics_ws/build/acc_waypoint_navigation/build/lib/acc_waypoint_navigation
running install
running install_lib
creating /home/admin1/acc_robotics_ws/install/acc_waypoint_navigation/lib/python3.12/site-packages/acc_waypoint_navigation
copying /home/admin1/acc_robotics_ws/build/acc_waypoint_navigation/build/lib/acc_waypoint_navigation/waypoint_nav.py -> /home/admin1/acc_robotics_ws/install/acc_waypoint_navigation/lib/python3.12/site-packages/acc_waypoint_navigation
copying /home/admin1/acc_robotics_ws/build/acc_waypoint_navigation/build/lib/acc_waypoint_navigation/__init__.py -> /home/admin1/acc_robotics_ws/install/acc_waypoint_navigation/lib/python3.12/site-packages/acc_waypoint_navigation
byte-compiling /home/admin1/acc_robotics_ws/install/acc_waypoint_navigation/lib/python3.12/site-packages/acc_waypoint_navigation/waypoint_nav.py to waypoint_nav.cpython-312.pyc
byte-compiling /home/admin1/acc_robotics_ws/install/acc_waypoint_navigation/lib/python3.12/site-packages/acc_waypoint_navigation/__init__.py to __init__.cpython-312.pyc
running install_data
creating /home/admin1/acc_robotics_ws/install/acc_waypoint_navigation/share/ament_index
creating /home/admin1/acc_robotics_ws/install/acc_waypoint_navigation/share/ament_index/resource_index
creating /home/admin1/acc_robotics_ws/install/acc_waypoint_navigation/share/ament_index/resource_index/packages
copying resource/acc_waypoint_navigation -> /home/admin1/acc_robotics_ws/install/acc_waypoint_navigation/share/ament_index/resource_index/packages
copying package.xml -> /home/admin1/acc_robotics_ws/install/acc_waypoint_navigation/share/acc_waypoint_navigation
running install_egg_info
Copying ../../build/acc_waypoint_navigation/acc_waypoint_navigation.egg-info to /home/admin1/acc_robotics_ws/install/acc_waypoint_navigation/lib/python3.12/site-packages/acc_waypoint_navigation-0.0.0-py3.12.egg-info
running install_scripts
Installing waypoint_nav script to /home/admin1/acc_robotics_ws/install/acc_waypoint_navigation/lib/acc_waypoint_navigation
writing list of installed files to '/home/admin1/acc_robotics_ws/build/acc_waypoint_navigation/install.log'
