[1.044s] Invoking command in '/home/admin1/acc_robotics_ws/src/acc_waypoint_navigation': DEBUGINFOD_URLS=https://debuginfod.ubuntu.com PYTHONPATH=/home/admin1/acc_robotics_ws/build/acc_waypoint_navigation/prefix_override:/usr/lib/python3/dist-packages/colcon_core/task/python/colcon_distutils_commands:/home/admin1/acc_robotics_ws/install/acc_waypoint_navigation/lib/python3.12/site-packages:${PYTHONPATH} /usr/bin/python3 -W ignore:setup.py install is deprecated -W ignore:easy_install command is deprecated setup.py egg_info --egg-base ../../build/acc_waypoint_navigation build --build-base /home/admin1/acc_robotics_ws/build/acc_waypoint_navigation/build install --record /home/admin1/acc_robotics_ws/build/acc_waypoint_navigation/install.log --single-version-externally-managed install_data
[1.332s] running egg_info
[1.332s] creating ../../build/acc_waypoint_navigation/acc_waypoint_navigation.egg-info
[1.355s] writing ../../build/acc_waypoint_navigation/acc_waypoint_navigation.egg-info/PKG-INFO
[1.355s] writing dependency_links to ../../build/acc_waypoint_navigation/acc_waypoint_navigation.egg-info/dependency_links.txt
[1.355s] writing entry points to ../../build/acc_waypoint_navigation/acc_waypoint_navigation.egg-info/entry_points.txt
[1.355s] writing requirements to ../../build/acc_waypoint_navigation/acc_waypoint_navigation.egg-info/requires.txt
[1.356s] writing top-level names to ../../build/acc_waypoint_navigation/acc_waypoint_navigation.egg-info/top_level.txt
[1.356s] writing manifest file '../../build/acc_waypoint_navigation/acc_waypoint_navigation.egg-info/SOURCES.txt'
[1.402s] reading manifest file '../../build/acc_waypoint_navigation/acc_waypoint_navigation.egg-info/SOURCES.txt'
[1.403s] writing manifest file '../../build/acc_waypoint_navigation/acc_waypoint_navigation.egg-info/SOURCES.txt'
[1.403s] running build
[1.403s] running build_py
[1.403s] creating /home/admin1/acc_robotics_ws/build/acc_waypoint_navigation/build
[1.403s] creating /home/admin1/acc_robotics_ws/build/acc_waypoint_navigation/build/lib
[1.403s] creating /home/admin1/acc_robotics_ws/build/acc_waypoint_navigation/build/lib/acc_waypoint_navigation
[1.403s] copying acc_waypoint_navigation/waypoint_nav.py -> /home/admin1/acc_robotics_ws/build/acc_waypoint_navigation/build/lib/acc_waypoint_navigation
[1.410s] copying acc_waypoint_navigation/__init__.py -> /home/admin1/acc_robotics_ws/build/acc_waypoint_navigation/build/lib/acc_waypoint_navigation
[1.411s] running install
[1.416s] running install_lib
[1.439s] creating /home/admin1/acc_robotics_ws/install/acc_waypoint_navigation/lib/python3.12/site-packages/acc_waypoint_navigation
[1.439s] copying /home/admin1/acc_robotics_ws/build/acc_waypoint_navigation/build/lib/acc_waypoint_navigation/waypoint_nav.py -> /home/admin1/acc_robotics_ws/install/acc_waypoint_navigation/lib/python3.12/site-packages/acc_waypoint_navigation
[1.439s] copying /home/admin1/acc_robotics_ws/build/acc_waypoint_navigation/build/lib/acc_waypoint_navigation/__init__.py -> /home/admin1/acc_robotics_ws/install/acc_waypoint_navigation/lib/python3.12/site-packages/acc_waypoint_navigation
[1.440s] byte-compiling /home/admin1/acc_robotics_ws/install/acc_waypoint_navigation/lib/python3.12/site-packages/acc_waypoint_navigation/waypoint_nav.py to waypoint_nav.cpython-312.pyc
[1.441s] byte-compiling /home/admin1/acc_robotics_ws/install/acc_waypoint_navigation/lib/python3.12/site-packages/acc_waypoint_navigation/__init__.py to __init__.cpython-312.pyc
[1.441s] running install_data
[1.441s] creating /home/admin1/acc_robotics_ws/install/acc_waypoint_navigation/share/ament_index
[1.441s] creating /home/admin1/acc_robotics_ws/install/acc_waypoint_navigation/share/ament_index/resource_index
[1.441s] creating /home/admin1/acc_robotics_ws/install/acc_waypoint_navigation/share/ament_index/resource_index/packages
[1.441s] copying resource/acc_waypoint_navigation -> /home/admin1/acc_robotics_ws/install/acc_waypoint_navigation/share/ament_index/resource_index/packages
[1.441s] copying package.xml -> /home/admin1/acc_robotics_ws/install/acc_waypoint_navigation/share/acc_waypoint_navigation
[1.441s] running install_egg_info
[1.466s] Copying ../../build/acc_waypoint_navigation/acc_waypoint_navigation.egg-info to /home/admin1/acc_robotics_ws/install/acc_waypoint_navigation/lib/python3.12/site-packages/acc_waypoint_navigation-0.0.0-py3.12.egg-info
[1.466s] running install_scripts
[1.611s] Installing waypoint_nav script to /home/admin1/acc_robotics_ws/install/acc_waypoint_navigation/lib/acc_waypoint_navigation
[1.611s] writing list of installed files to '/home/admin1/acc_robotics_ws/build/acc_waypoint_navigation/install.log'
[1.634s] Invoked command in '/home/admin1/acc_robotics_ws/src/acc_waypoint_navigation' returned '0': DEBUGINFOD_URLS=https://debuginfod.ubuntu.com PYTHONPATH=/home/admin1/acc_robotics_ws/build/acc_waypoint_navigation/prefix_override:/usr/lib/python3/dist-packages/colcon_core/task/python/colcon_distutils_commands:/home/admin1/acc_robotics_ws/install/acc_waypoint_navigation/lib/python3.12/site-packages:${PYTHONPATH} /usr/bin/python3 -W ignore:setup.py install is deprecated -W ignore:easy_install command is deprecated setup.py egg_info --egg-base ../../build/acc_waypoint_navigation build --build-base /home/admin1/acc_robotics_ws/build/acc_waypoint_navigation/build install --record /home/admin1/acc_robotics_ws/build/acc_waypoint_navigation/install.log --single-version-externally-managed install_data
