[0.015s] Invoking command in '/home/admin1/acc_robotics_ws/build/acc_robotics_description': CMAKE_PREFIX_PATH=${CMAKE_PREFIX_PATH}:/home/admin1/acc_robotics_ws/install/acc_waypoint_navigation:/opt/ros/jazzy DEBUGINFOD_URLS=https://debuginfod.ubuntu.com /usr/bin/cmake /home/admin1/acc_robotics_ws/src/acc_robotics_description -DCMAKE_INSTALL_PREFIX=/home/admin1/acc_robotics_ws/install/acc_robotics_description
[0.058s] -- The C compiler identification is GNU 13.3.0
[0.109s] -- The CXX compiler identification is GNU 13.3.0
[0.123s] -- Detecting C compiler ABI info
[0.200s] -- Detecting C compiler ABI info - done
[0.209s] -- Check for working C compiler: /usr/bin/cc - skipped
[0.210s] -- Detecting C compile features
[0.210s] -- Detecting C compile features - done
[0.219s] -- Detecting CXX compiler ABI info
[0.312s] -- Detecting CXX compiler ABI info - done
[0.329s] -- Check for working CXX compiler: /usr/bin/c++ - skipped
[0.330s] -- Detecting CXX compile features
[0.331s] -- Detecting CXX compile features - done
[0.335s] -- Found ament_cmake: 2.5.5 (/opt/ros/jazzy/share/ament_cmake/cmake)
[0.489s] -- Found Python3: /usr/bin/python3 (found version "3.12.3") found components: Interpreter 
[0.722s] -- Configuring done (0.7s)
[0.725s] -- Generating done (0.0s)
[0.728s] -- Build files have been written to: /home/admin1/acc_robotics_ws/build/acc_robotics_description
[0.733s] Invoked command in '/home/admin1/acc_robotics_ws/build/acc_robotics_description' returned '0': CMAKE_PREFIX_PATH=${CMAKE_PREFIX_PATH}:/home/admin1/acc_robotics_ws/install/acc_waypoint_navigation:/opt/ros/jazzy DEBUGINFOD_URLS=https://debuginfod.ubuntu.com /usr/bin/cmake /home/admin1/acc_robotics_ws/src/acc_robotics_description -DCMAKE_INSTALL_PREFIX=/home/admin1/acc_robotics_ws/install/acc_robotics_description
[0.734s] Invoking command in '/home/admin1/acc_robotics_ws/build/acc_robotics_description': CMAKE_PREFIX_PATH=${CMAKE_PREFIX_PATH}:/home/admin1/acc_robotics_ws/install/acc_waypoint_navigation:/opt/ros/jazzy DEBUGINFOD_URLS=https://debuginfod.ubuntu.com /usr/bin/cmake --build /home/admin1/acc_robotics_ws/build/acc_robotics_description -- -j12 -l12
[0.769s] Invoked command in '/home/admin1/acc_robotics_ws/build/acc_robotics_description' returned '0': CMAKE_PREFIX_PATH=${CMAKE_PREFIX_PATH}:/home/admin1/acc_robotics_ws/install/acc_waypoint_navigation:/opt/ros/jazzy DEBUGINFOD_URLS=https://debuginfod.ubuntu.com /usr/bin/cmake --build /home/admin1/acc_robotics_ws/build/acc_robotics_description -- -j12 -l12
[0.770s] Invoking command in '/home/admin1/acc_robotics_ws/build/acc_robotics_description': CMAKE_PREFIX_PATH=${CMAKE_PREFIX_PATH}:/home/admin1/acc_robotics_ws/install/acc_waypoint_navigation:/opt/ros/jazzy DEBUGINFOD_URLS=https://debuginfod.ubuntu.com /usr/bin/cmake --install /home/admin1/acc_robotics_ws/build/acc_robotics_description
[0.777s] -- Install configuration: ""
[0.778s] -- Installing: /home/admin1/acc_robotics_ws/install/acc_robotics_description/share/acc_robotics_description//urdf
[0.779s] -- Installing: /home/admin1/acc_robotics_ws/install/acc_robotics_description/share/acc_robotics_description//urdf/my_robot.urdf.xacro
[0.779s] -- Installing: /home/admin1/acc_robotics_ws/install/acc_robotics_description/share/acc_robotics_description//urdf/common_properties.xacro
[0.780s] -- Installing: /home/admin1/acc_robotics_ws/install/acc_robotics_description/share/acc_robotics_description//urdf/mobile_base.xacro
[0.780s] -- Installing: /home/admin1/acc_robotics_ws/install/acc_robotics_description/share/acc_robotics_description//urdf/mobile_base_gazebo.xacro
[0.780s] -- Installing: /home/admin1/acc_robotics_ws/install/acc_robotics_description/share/acc_robotics_description//launch
[0.780s] -- Installing: /home/admin1/acc_robotics_ws/install/acc_robotics_description/share/acc_robotics_description//launch/display.launch.xml
[0.781s] -- Installing: /home/admin1/acc_robotics_ws/install/acc_robotics_description/share/acc_robotics_description//meshes
[0.781s] -- Installing: /home/admin1/acc_robotics_ws/install/acc_robotics_description/share/acc_robotics_description//meshes/lidar_link_1.stl
[0.781s] -- Installing: /home/admin1/acc_robotics_ws/install/acc_robotics_description/share/acc_robotics_description//meshes/left_wheel_link_1.stl
[0.781s] -- Installing: /home/admin1/acc_robotics_ws/install/acc_robotics_description/share/acc_robotics_description//meshes/base_link.stl
[0.782s] -- Installing: /home/admin1/acc_robotics_ws/install/acc_robotics_description/share/acc_robotics_description//meshes/caster_wheel_link_1.stl
[0.782s] -- Installing: /home/admin1/acc_robotics_ws/install/acc_robotics_description/share/acc_robotics_description//meshes/right_wheel_link_1.stl
[0.782s] -- Installing: /home/admin1/acc_robotics_ws/install/acc_robotics_description/share/acc_robotics_description//meshes/camera_link_1.stl
[0.782s] -- Installing: /home/admin1/acc_robotics_ws/install/acc_robotics_description/share/ament_index/resource_index/package_run_dependencies/acc_robotics_description
[0.782s] -- Installing: /home/admin1/acc_robotics_ws/install/acc_robotics_description/share/ament_index/resource_index/parent_prefix_path/acc_robotics_description
[0.782s] -- Installing: /home/admin1/acc_robotics_ws/install/acc_robotics_description/share/acc_robotics_description/environment/ament_prefix_path.sh
[0.782s] -- Installing: /home/admin1/acc_robotics_ws/install/acc_robotics_description/share/acc_robotics_description/environment/ament_prefix_path.dsv
[0.782s] -- Installing: /home/admin1/acc_robotics_ws/install/acc_robotics_description/share/acc_robotics_description/environment/path.sh
[0.782s] -- Installing: /home/admin1/acc_robotics_ws/install/acc_robotics_description/share/acc_robotics_description/environment/path.dsv
[0.782s] -- Installing: /home/admin1/acc_robotics_ws/install/acc_robotics_description/share/acc_robotics_description/local_setup.bash
[0.783s] -- Installing: /home/admin1/acc_robotics_ws/install/acc_robotics_description/share/acc_robotics_description/local_setup.sh
[0.783s] -- Installing: /home/admin1/acc_robotics_ws/install/acc_robotics_description/share/acc_robotics_description/local_setup.zsh
[0.783s] -- Installing: /home/admin1/acc_robotics_ws/install/acc_robotics_description/share/acc_robotics_description/local_setup.dsv
[0.783s] -- Installing: /home/admin1/acc_robotics_ws/install/acc_robotics_description/share/acc_robotics_description/package.dsv
[0.783s] -- Installing: /home/admin1/acc_robotics_ws/install/acc_robotics_description/share/ament_index/resource_index/packages/acc_robotics_description
[0.783s] -- Installing: /home/admin1/acc_robotics_ws/install/acc_robotics_description/share/acc_robotics_description/cmake/acc_robotics_descriptionConfig.cmake
[0.783s] -- Installing: /home/admin1/acc_robotics_ws/install/acc_robotics_description/share/acc_robotics_description/cmake/acc_robotics_descriptionConfig-version.cmake
[0.784s] -- Installing: /home/admin1/acc_robotics_ws/install/acc_robotics_description/share/acc_robotics_description/package.xml
[0.794s] Invoked command in '/home/admin1/acc_robotics_ws/build/acc_robotics_description' returned '0': CMAKE_PREFIX_PATH=${CMAKE_PREFIX_PATH}:/home/admin1/acc_robotics_ws/install/acc_waypoint_navigation:/opt/ros/jazzy DEBUGINFOD_URLS=https://debuginfod.ubuntu.com /usr/bin/cmake --install /home/admin1/acc_robotics_ws/build/acc_robotics_description
