[0.140s] DEBUG:colcon:Command line arguments: ['/usr/bin/colcon', 'build']
[0.141s] DEBUG:colcon:Parsed command line arguments: Namespace(log_base=None, log_level=None, verb_name='build', build_base='build', install_base='install', merge_install=False, symlink_install=False, test_result_base=None, continue_on_error=False, executor='parallel', parallel_workers=12, event_handlers=None, ignore_user_meta=False, metas=['./colcon.meta'], base_paths=['.'], packages_ignore=None, packages_ignore_regex=None, paths=None, packages_up_to=None, packages_up_to_regex=None, packages_above=None, packages_above_and_dependencies=None, packages_above_depth=None, packages_select_by_dep=None, packages_skip_by_dep=None, packages_skip_up_to=None, packages_select_build_failed=False, packages_skip_build_finished=False, packages_select_test_failures=False, packages_skip_test_passed=False, packages_select=None, packages_skip=None, packages_select_regex=None, packages_skip_regex=None, packages_start=None, packages_end=None, allow_overriding=[], cmake_args=None, cmake_target=None, cmake_target_skip_unavailable=False, cmake_clean_cache=False, cmake_clean_first=False, cmake_force_configure=False, ament_cmake_args=None, catkin_cmake_args=None, catkin_skip_building_tests=False, mixin_files=None, mixin=None, verb_parser=<colcon_mixin.mixin.mixin_argument.MixinArgumentDecorator object at 0x7106a6bfe780>, verb_extension=<colcon_core.verb.build.BuildVerb object at 0x7106a6b4d7f0>, main=<bound method BuildVerb.main of <colcon_core.verb.build.BuildVerb object at 0x7106a6b4d7f0>>, mixin_verb=('build',))
[0.176s] Level 1:colcon.colcon_core.package_discovery:discover_packages(colcon_meta) check parameters
[0.176s] Level 1:colcon.colcon_core.package_discovery:discover_packages(recursive) check parameters
[0.176s] Level 1:colcon.colcon_core.package_discovery:discover_packages(ignore) check parameters
[0.176s] Level 1:colcon.colcon_core.package_discovery:discover_packages(path) check parameters
[0.176s] Level 1:colcon.colcon_core.package_discovery:discover_packages(colcon_meta) discover
[0.176s] Level 1:colcon.colcon_core.package_discovery:discover_packages(recursive) discover
[0.176s] INFO:colcon.colcon_core.package_discovery:Crawling recursively for packages in '/home/admin1/acc_robotics_ws'
[0.177s] Level 1:colcon.colcon_core.package_identification:_identify(.) by extensions ['ignore', 'ignore_ament_install']
[0.177s] Level 1:colcon.colcon_core.package_identification:_identify(.) by extension 'ignore'
[0.177s] Level 1:colcon.colcon_core.package_identification:_identify(.) by extension 'ignore_ament_install'
[0.177s] Level 1:colcon.colcon_core.package_identification:_identify(.) by extensions ['colcon_pkg']
[0.177s] Level 1:colcon.colcon_core.package_identification:_identify(.) by extension 'colcon_pkg'
[0.177s] Level 1:colcon.colcon_core.package_identification:_identify(.) by extensions ['colcon_meta']
[0.177s] Level 1:colcon.colcon_core.package_identification:_identify(.) by extension 'colcon_meta'
[0.177s] Level 1:colcon.colcon_core.package_identification:_identify(.) by extensions ['ros']
[0.177s] Level 1:colcon.colcon_core.package_identification:_identify(.) by extension 'ros'
[0.198s] Level 1:colcon.colcon_core.package_identification:_identify(.) by extensions ['cmake', 'python']
[0.198s] Level 1:colcon.colcon_core.package_identification:_identify(.) by extension 'cmake'
[0.198s] Level 1:colcon.colcon_core.package_identification:_identify(.) by extension 'python'
[0.199s] Level 1:colcon.colcon_core.package_identification:_identify(.) by extensions ['python_setup_py']
[0.199s] Level 1:colcon.colcon_core.package_identification:_identify(.) by extension 'python_setup_py'
[0.199s] Level 1:colcon.colcon_core.package_identification:_identify(build) by extensions ['ignore', 'ignore_ament_install']
[0.199s] Level 1:colcon.colcon_core.package_identification:_identify(build) by extension 'ignore'
[0.199s] Level 1:colcon.colcon_core.package_identification:_identify(build) ignored
[0.199s] Level 1:colcon.colcon_core.package_identification:_identify(install) by extensions ['ignore', 'ignore_ament_install']
[0.199s] Level 1:colcon.colcon_core.package_identification:_identify(install) by extension 'ignore'
[0.199s] Level 1:colcon.colcon_core.package_identification:_identify(install) ignored
[0.199s] Level 1:colcon.colcon_core.package_identification:_identify(log) by extensions ['ignore', 'ignore_ament_install']
[0.199s] Level 1:colcon.colcon_core.package_identification:_identify(log) by extension 'ignore'
[0.199s] Level 1:colcon.colcon_core.package_identification:_identify(log) ignored
[0.199s] Level 1:colcon.colcon_core.package_identification:_identify(src) by extensions ['ignore', 'ignore_ament_install']
[0.199s] Level 1:colcon.colcon_core.package_identification:_identify(src) by extension 'ignore'
[0.199s] Level 1:colcon.colcon_core.package_identification:_identify(src) by extension 'ignore_ament_install'
[0.199s] Level 1:colcon.colcon_core.package_identification:_identify(src) by extensions ['colcon_pkg']
[0.199s] Level 1:colcon.colcon_core.package_identification:_identify(src) by extension 'colcon_pkg'
[0.200s] Level 1:colcon.colcon_core.package_identification:_identify(src) by extensions ['colcon_meta']
[0.200s] Level 1:colcon.colcon_core.package_identification:_identify(src) by extension 'colcon_meta'
[0.200s] Level 1:colcon.colcon_core.package_identification:_identify(src) by extensions ['ros']
[0.200s] Level 1:colcon.colcon_core.package_identification:_identify(src) by extension 'ros'
[0.200s] Level 1:colcon.colcon_core.package_identification:_identify(src) by extensions ['cmake', 'python']
[0.200s] Level 1:colcon.colcon_core.package_identification:_identify(src) by extension 'cmake'
[0.200s] Level 1:colcon.colcon_core.package_identification:_identify(src) by extension 'python'
[0.200s] Level 1:colcon.colcon_core.package_identification:_identify(src) by extensions ['python_setup_py']
[0.200s] Level 1:colcon.colcon_core.package_identification:_identify(src) by extension 'python_setup_py'
[0.207s] Level 1:colcon.colcon_core.package_identification:_identify(src/acc_robotics_bringup) by extensions ['ignore', 'ignore_ament_install']
[0.208s] Level 1:colcon.colcon_core.package_identification:_identify(src/acc_robotics_bringup) by extension 'ignore'
[0.208s] Level 1:colcon.colcon_core.package_identification:_identify(src/acc_robotics_bringup) by extension 'ignore_ament_install'
[0.208s] Level 1:colcon.colcon_core.package_identification:_identify(src/acc_robotics_bringup) by extensions ['colcon_pkg']
[0.208s] Level 1:colcon.colcon_core.package_identification:_identify(src/acc_robotics_bringup) by extension 'colcon_pkg'
[0.208s] Level 1:colcon.colcon_core.package_identification:_identify(src/acc_robotics_bringup) by extensions ['colcon_meta']
[0.208s] Level 1:colcon.colcon_core.package_identification:_identify(src/acc_robotics_bringup) by extension 'colcon_meta'
[0.208s] Level 1:colcon.colcon_core.package_identification:_identify(src/acc_robotics_bringup) by extensions ['ros']
[0.208s] Level 1:colcon.colcon_core.package_identification:_identify(src/acc_robotics_bringup) by extension 'ros'
[0.210s] DEBUG:colcon.colcon_core.package_identification:Package 'src/acc_robotics_bringup' with type 'ros.ament_cmake' and name 'acc_robotics_bringup'
[0.210s] Level 1:colcon.colcon_core.package_identification:_identify(src/acc_robotics_controller) by extensions ['ignore', 'ignore_ament_install']
[0.210s] Level 1:colcon.colcon_core.package_identification:_identify(src/acc_robotics_controller) by extension 'ignore'
[0.211s] Level 1:colcon.colcon_core.package_identification:_identify(src/acc_robotics_controller) by extension 'ignore_ament_install'
[0.211s] Level 1:colcon.colcon_core.package_identification:_identify(src/acc_robotics_controller) by extensions ['colcon_pkg']
[0.211s] Level 1:colcon.colcon_core.package_identification:_identify(src/acc_robotics_controller) by extension 'colcon_pkg'
[0.211s] Level 1:colcon.colcon_core.package_identification:_identify(src/acc_robotics_controller) by extensions ['colcon_meta']
[0.211s] Level 1:colcon.colcon_core.package_identification:_identify(src/acc_robotics_controller) by extension 'colcon_meta'
[0.211s] Level 1:colcon.colcon_core.package_identification:_identify(src/acc_robotics_controller) by extensions ['ros']
[0.211s] Level 1:colcon.colcon_core.package_identification:_identify(src/acc_robotics_controller) by extension 'ros'
[0.211s] DEBUG:colcon.colcon_core.package_identification:Package 'src/acc_robotics_controller' with type 'ros.ament_cmake' and name 'acc_robotics_controller'
[0.211s] Level 1:colcon.colcon_core.package_identification:_identify(src/acc_robotics_description) by extensions ['ignore', 'ignore_ament_install']
[0.212s] Level 1:colcon.colcon_core.package_identification:_identify(src/acc_robotics_description) by extension 'ignore'
[0.212s] Level 1:colcon.colcon_core.package_identification:_identify(src/acc_robotics_description) by extension 'ignore_ament_install'
[0.212s] Level 1:colcon.colcon_core.package_identification:_identify(src/acc_robotics_description) by extensions ['colcon_pkg']
[0.212s] Level 1:colcon.colcon_core.package_identification:_identify(src/acc_robotics_description) by extension 'colcon_pkg'
[0.212s] Level 1:colcon.colcon_core.package_identification:_identify(src/acc_robotics_description) by extensions ['colcon_meta']
[0.212s] Level 1:colcon.colcon_core.package_identification:_identify(src/acc_robotics_description) by extension 'colcon_meta'
[0.212s] Level 1:colcon.colcon_core.package_identification:_identify(src/acc_robotics_description) by extensions ['ros']
[0.212s] Level 1:colcon.colcon_core.package_identification:_identify(src/acc_robotics_description) by extension 'ros'
[0.212s] DEBUG:colcon.colcon_core.package_identification:Package 'src/acc_robotics_description' with type 'ros.ament_cmake' and name 'acc_robotics_description'
[0.212s] Level 1:colcon.colcon_core.package_identification:_identify(src/acc_waypoint_navigation) by extensions ['ignore', 'ignore_ament_install']
[0.213s] Level 1:colcon.colcon_core.package_identification:_identify(src/acc_waypoint_navigation) by extension 'ignore'
[0.213s] Level 1:colcon.colcon_core.package_identification:_identify(src/acc_waypoint_navigation) by extension 'ignore_ament_install'
[0.213s] Level 1:colcon.colcon_core.package_identification:_identify(src/acc_waypoint_navigation) by extensions ['colcon_pkg']
[0.213s] Level 1:colcon.colcon_core.package_identification:_identify(src/acc_waypoint_navigation) by extension 'colcon_pkg'
[0.213s] Level 1:colcon.colcon_core.package_identification:_identify(src/acc_waypoint_navigation) by extensions ['colcon_meta']
[0.213s] Level 1:colcon.colcon_core.package_identification:_identify(src/acc_waypoint_navigation) by extension 'colcon_meta'
[0.213s] Level 1:colcon.colcon_core.package_identification:_identify(src/acc_waypoint_navigation) by extensions ['ros']
[0.213s] Level 1:colcon.colcon_core.package_identification:_identify(src/acc_waypoint_navigation) by extension 'ros'
[0.213s] DEBUG:colcon.colcon_core.package_identification:Package 'src/acc_waypoint_navigation' with type 'ros.ament_python' and name 'acc_waypoint_navigation'
[0.213s] Level 1:colcon.colcon_core.package_discovery:discover_packages(recursive) using defaults
[0.213s] Level 1:colcon.colcon_core.package_discovery:discover_packages(ignore) discover
[0.213s] Level 1:colcon.colcon_core.package_discovery:discover_packages(ignore) using defaults
[0.213s] Level 1:colcon.colcon_core.package_discovery:discover_packages(path) discover
[0.213s] Level 1:colcon.colcon_core.package_discovery:discover_packages(path) using defaults
[0.231s] Level 1:colcon.colcon_core.package_discovery:discover_packages(prefix_path) check parameters
[0.231s] Level 1:colcon.colcon_core.package_discovery:discover_packages(prefix_path) discover
[0.231s] WARNING:colcon.colcon_ros.prefix_path.ament:The path '/home/admin1/acc_robotics_ws/install/acc_waypoint_navigation' in the environment variable AMENT_PREFIX_PATH doesn't exist
[0.231s] WARNING:colcon.colcon_ros.prefix_path.ament:The path '/home/admin1/acc_robotics_ws/install/acc_robotics_description' in the environment variable AMENT_PREFIX_PATH doesn't exist
[0.232s] WARNING:colcon.colcon_ros.prefix_path.ament:The path '/home/admin1/acc_robotics_ws/install/acc_robotics_controller' in the environment variable AMENT_PREFIX_PATH doesn't exist
[0.232s] WARNING:colcon.colcon_ros.prefix_path.ament:The path '/home/admin1/acc_robotics_ws/install/acc_robotics_bringup' in the environment variable AMENT_PREFIX_PATH doesn't exist
[0.232s] WARNING:colcon.colcon_ros.prefix_path.catkin:The path '/home/admin1/acc_robotics_ws/install/acc_robotics_description' in the environment variable CMAKE_PREFIX_PATH doesn't exist
[0.232s] WARNING:colcon.colcon_ros.prefix_path.catkin:The path '/home/admin1/acc_robotics_ws/install/acc_robotics_controller' in the environment variable CMAKE_PREFIX_PATH doesn't exist
[0.232s] WARNING:colcon.colcon_ros.prefix_path.catkin:The path '/home/admin1/acc_robotics_ws/install/acc_robotics_bringup' in the environment variable CMAKE_PREFIX_PATH doesn't exist
[0.232s] DEBUG:colcon.colcon_installed_package_information.package_discovery:Found 0 installed packages in /home/admin1/acc_robotics_ws/install
[0.233s] DEBUG:colcon.colcon_installed_package_information.package_discovery:Found 3 installed packages in /home/admin1/ros2_cpp_ws/install
[0.234s] DEBUG:colcon.colcon_installed_package_information.package_discovery:Found 388 installed packages in /opt/ros/jazzy
[0.235s] Level 1:colcon.colcon_core.package_discovery:discover_packages(prefix_path) using defaults
[0.284s] Level 5:colcon.colcon_core.verb:set package 'acc_robotics_bringup' build argument 'cmake_args' from command line to 'None'
[0.284s] Level 5:colcon.colcon_core.verb:set package 'acc_robotics_bringup' build argument 'cmake_target' from command line to 'None'
[0.284s] Level 5:colcon.colcon_core.verb:set package 'acc_robotics_bringup' build argument 'cmake_target_skip_unavailable' from command line to 'False'
[0.284s] Level 5:colcon.colcon_core.verb:set package 'acc_robotics_bringup' build argument 'cmake_clean_cache' from command line to 'False'
[0.284s] Level 5:colcon.colcon_core.verb:set package 'acc_robotics_bringup' build argument 'cmake_clean_first' from command line to 'False'
[0.284s] Level 5:colcon.colcon_core.verb:set package 'acc_robotics_bringup' build argument 'cmake_force_configure' from command line to 'False'
[0.284s] Level 5:colcon.colcon_core.verb:set package 'acc_robotics_bringup' build argument 'ament_cmake_args' from command line to 'None'
[0.284s] Level 5:colcon.colcon_core.verb:set package 'acc_robotics_bringup' build argument 'catkin_cmake_args' from command line to 'None'
[0.284s] Level 5:colcon.colcon_core.verb:set package 'acc_robotics_bringup' build argument 'catkin_skip_building_tests' from command line to 'False'
[0.284s] DEBUG:colcon.colcon_core.verb:Building package 'acc_robotics_bringup' with the following arguments: {'ament_cmake_args': None, 'build_base': '/home/admin1/acc_robotics_ws/build/acc_robotics_bringup', 'catkin_cmake_args': None, 'catkin_skip_building_tests': False, 'cmake_args': None, 'cmake_clean_cache': False, 'cmake_clean_first': False, 'cmake_force_configure': False, 'cmake_target': None, 'cmake_target_skip_unavailable': False, 'install_base': '/home/admin1/acc_robotics_ws/install/acc_robotics_bringup', 'merge_install': False, 'path': '/home/admin1/acc_robotics_ws/src/acc_robotics_bringup', 'symlink_install': False, 'test_result_base': None}
[0.284s] Level 5:colcon.colcon_core.verb:set package 'acc_robotics_controller' build argument 'cmake_args' from command line to 'None'
[0.284s] Level 5:colcon.colcon_core.verb:set package 'acc_robotics_controller' build argument 'cmake_target' from command line to 'None'
[0.284s] Level 5:colcon.colcon_core.verb:set package 'acc_robotics_controller' build argument 'cmake_target_skip_unavailable' from command line to 'False'
[0.284s] Level 5:colcon.colcon_core.verb:set package 'acc_robotics_controller' build argument 'cmake_clean_cache' from command line to 'False'
[0.284s] Level 5:colcon.colcon_core.verb:set package 'acc_robotics_controller' build argument 'cmake_clean_first' from command line to 'False'
[0.285s] Level 5:colcon.colcon_core.verb:set package 'acc_robotics_controller' build argument 'cmake_force_configure' from command line to 'False'
[0.285s] Level 5:colcon.colcon_core.verb:set package 'acc_robotics_controller' build argument 'ament_cmake_args' from command line to 'None'
[0.285s] Level 5:colcon.colcon_core.verb:set package 'acc_robotics_controller' build argument 'catkin_cmake_args' from command line to 'None'
[0.285s] Level 5:colcon.colcon_core.verb:set package 'acc_robotics_controller' build argument 'catkin_skip_building_tests' from command line to 'False'
[0.285s] DEBUG:colcon.colcon_core.verb:Building package 'acc_robotics_controller' with the following arguments: {'ament_cmake_args': None, 'build_base': '/home/admin1/acc_robotics_ws/build/acc_robotics_controller', 'catkin_cmake_args': None, 'catkin_skip_building_tests': False, 'cmake_args': None, 'cmake_clean_cache': False, 'cmake_clean_first': False, 'cmake_force_configure': False, 'cmake_target': None, 'cmake_target_skip_unavailable': False, 'install_base': '/home/admin1/acc_robotics_ws/install/acc_robotics_controller', 'merge_install': False, 'path': '/home/admin1/acc_robotics_ws/src/acc_robotics_controller', 'symlink_install': False, 'test_result_base': None}
[0.285s] Level 5:colcon.colcon_core.verb:set package 'acc_robotics_description' build argument 'cmake_args' from command line to 'None'
[0.285s] Level 5:colcon.colcon_core.verb:set package 'acc_robotics_description' build argument 'cmake_target' from command line to 'None'
[0.285s] Level 5:colcon.colcon_core.verb:set package 'acc_robotics_description' build argument 'cmake_target_skip_unavailable' from command line to 'False'
[0.285s] Level 5:colcon.colcon_core.verb:set package 'acc_robotics_description' build argument 'cmake_clean_cache' from command line to 'False'
[0.285s] Level 5:colcon.colcon_core.verb:set package 'acc_robotics_description' build argument 'cmake_clean_first' from command line to 'False'
[0.285s] Level 5:colcon.colcon_core.verb:set package 'acc_robotics_description' build argument 'cmake_force_configure' from command line to 'False'
[0.285s] Level 5:colcon.colcon_core.verb:set package 'acc_robotics_description' build argument 'ament_cmake_args' from command line to 'None'
[0.285s] Level 5:colcon.colcon_core.verb:set package 'acc_robotics_description' build argument 'catkin_cmake_args' from command line to 'None'
[0.285s] Level 5:colcon.colcon_core.verb:set package 'acc_robotics_description' build argument 'catkin_skip_building_tests' from command line to 'False'
[0.285s] DEBUG:colcon.colcon_core.verb:Building package 'acc_robotics_description' with the following arguments: {'ament_cmake_args': None, 'build_base': '/home/admin1/acc_robotics_ws/build/acc_robotics_description', 'catkin_cmake_args': None, 'catkin_skip_building_tests': False, 'cmake_args': None, 'cmake_clean_cache': False, 'cmake_clean_first': False, 'cmake_force_configure': False, 'cmake_target': None, 'cmake_target_skip_unavailable': False, 'install_base': '/home/admin1/acc_robotics_ws/install/acc_robotics_description', 'merge_install': False, 'path': '/home/admin1/acc_robotics_ws/src/acc_robotics_description', 'symlink_install': False, 'test_result_base': None}
[0.285s] Level 5:colcon.colcon_core.verb:set package 'acc_waypoint_navigation' build argument 'cmake_args' from command line to 'None'
[0.285s] Level 5:colcon.colcon_core.verb:set package 'acc_waypoint_navigation' build argument 'cmake_target' from command line to 'None'
[0.285s] Level 5:colcon.colcon_core.verb:set package 'acc_waypoint_navigation' build argument 'cmake_target_skip_unavailable' from command line to 'False'
[0.285s] Level 5:colcon.colcon_core.verb:set package 'acc_waypoint_navigation' build argument 'cmake_clean_cache' from command line to 'False'
[0.285s] Level 5:colcon.colcon_core.verb:set package 'acc_waypoint_navigation' build argument 'cmake_clean_first' from command line to 'False'
[0.285s] Level 5:colcon.colcon_core.verb:set package 'acc_waypoint_navigation' build argument 'cmake_force_configure' from command line to 'False'
[0.285s] Level 5:colcon.colcon_core.verb:set package 'acc_waypoint_navigation' build argument 'ament_cmake_args' from command line to 'None'
[0.285s] Level 5:colcon.colcon_core.verb:set package 'acc_waypoint_navigation' build argument 'catkin_cmake_args' from command line to 'None'
[0.285s] Level 5:colcon.colcon_core.verb:set package 'acc_waypoint_navigation' build argument 'catkin_skip_building_tests' from command line to 'False'
[0.285s] DEBUG:colcon.colcon_core.verb:Building package 'acc_waypoint_navigation' with the following arguments: {'ament_cmake_args': None, 'build_base': '/home/admin1/acc_robotics_ws/build/acc_waypoint_navigation', 'catkin_cmake_args': None, 'catkin_skip_building_tests': False, 'cmake_args': None, 'cmake_clean_cache': False, 'cmake_clean_first': False, 'cmake_force_configure': False, 'cmake_target': None, 'cmake_target_skip_unavailable': False, 'install_base': '/home/admin1/acc_robotics_ws/install/acc_waypoint_navigation', 'merge_install': False, 'path': '/home/admin1/acc_robotics_ws/src/acc_waypoint_navigation', 'symlink_install': False, 'test_result_base': None}
[0.285s] INFO:colcon.colcon_core.executor:Executing jobs using 'parallel' executor
[0.286s] DEBUG:colcon.colcon_parallel_executor.executor.parallel:run_until_complete
[0.286s] INFO:colcon.colcon_ros.task.ament_cmake.build:Building ROS package in '/home/admin1/acc_robotics_ws/src/acc_robotics_bringup' with build type 'ament_cmake'
[0.286s] INFO:colcon.colcon_cmake.task.cmake.build:Building CMake package in '/home/admin1/acc_robotics_ws/src/acc_robotics_bringup'
[0.289s] INFO:colcon.colcon_core.plugin_system:Skipping extension 'colcon_core.shell.bat': Not used on non-Windows systems
[0.289s] INFO:colcon.colcon_core.shell:Skip shell extension 'powershell' for command environment: Not usable outside of PowerShell
[0.289s] DEBUG:colcon.colcon_core.shell:Skip shell extension 'dsv' for command environment
[0.293s] INFO:colcon.colcon_ros.task.ament_cmake.build:Building ROS package in '/home/admin1/acc_robotics_ws/src/acc_robotics_controller' with build type 'ament_cmake'
[0.293s] INFO:colcon.colcon_cmake.task.cmake.build:Building CMake package in '/home/admin1/acc_robotics_ws/src/acc_robotics_controller'
[0.293s] INFO:colcon.colcon_core.shell:Skip shell extension 'powershell' for command environment: Not usable outside of PowerShell
[0.293s] DEBUG:colcon.colcon_core.shell:Skip shell extension 'dsv' for command environment
[0.296s] INFO:colcon.colcon_ros.task.ament_cmake.build:Building ROS package in '/home/admin1/acc_robotics_ws/src/acc_robotics_description' with build type 'ament_cmake'
[0.296s] INFO:colcon.colcon_cmake.task.cmake.build:Building CMake package in '/home/admin1/acc_robotics_ws/src/acc_robotics_description'
[0.296s] INFO:colcon.colcon_core.shell:Skip shell extension 'powershell' for command environment: Not usable outside of PowerShell
[0.296s] DEBUG:colcon.colcon_core.shell:Skip shell extension 'dsv' for command environment
[0.299s] INFO:colcon.colcon_ros.task.ament_python.build:Building ROS package in '/home/admin1/acc_robotics_ws/src/acc_waypoint_navigation' with build type 'ament_python'
[0.299s] Level 1:colcon.colcon_core.shell:create_environment_hook('acc_waypoint_navigation', 'ament_prefix_path')
[0.299s] INFO:colcon.colcon_core.shell:Creating environment hook '/home/admin1/acc_robotics_ws/install/acc_waypoint_navigation/share/acc_waypoint_navigation/hook/ament_prefix_path.ps1'
[0.300s] INFO:colcon.colcon_core.shell:Creating environment descriptor '/home/admin1/acc_robotics_ws/install/acc_waypoint_navigation/share/acc_waypoint_navigation/hook/ament_prefix_path.dsv'
[0.300s] INFO:colcon.colcon_core.shell:Creating environment hook '/home/admin1/acc_robotics_ws/install/acc_waypoint_navigation/share/acc_waypoint_navigation/hook/ament_prefix_path.sh'
[0.301s] INFO:colcon.colcon_core.shell:Skip shell extension 'powershell' for command environment: Not usable outside of PowerShell
[0.301s] DEBUG:colcon.colcon_core.shell:Skip shell extension 'dsv' for command environment
[0.308s] DEBUG:colcon.colcon_core.event_handler.log_command:Invoking command in '/home/admin1/acc_robotics_ws/build/acc_robotics_bringup': CMAKE_PREFIX_PATH=${CMAKE_PREFIX_PATH}:/home/admin1/acc_robotics_ws/install/acc_waypoint_navigation:/opt/ros/jazzy DEBUGINFOD_URLS=https://debuginfod.ubuntu.com /usr/bin/cmake /home/admin1/acc_robotics_ws/src/acc_robotics_bringup -DCMAKE_INSTALL_PREFIX=/home/admin1/acc_robotics_ws/install/acc_robotics_bringup
[0.309s] DEBUG:colcon.colcon_core.event_handler.log_command:Invoking command in '/home/admin1/acc_robotics_ws/build/acc_robotics_controller': CMAKE_PREFIX_PATH=${CMAKE_PREFIX_PATH}:/home/admin1/acc_robotics_ws/install/acc_waypoint_navigation:/opt/ros/jazzy DEBUGINFOD_URLS=https://debuginfod.ubuntu.com /usr/bin/cmake /home/admin1/acc_robotics_ws/src/acc_robotics_controller -DCMAKE_INSTALL_PREFIX=/home/admin1/acc_robotics_ws/install/acc_robotics_controller
[0.311s] DEBUG:colcon.colcon_core.event_handler.log_command:Invoking command in '/home/admin1/acc_robotics_ws/build/acc_robotics_description': CMAKE_PREFIX_PATH=${CMAKE_PREFIX_PATH}:/home/admin1/acc_robotics_ws/install/acc_waypoint_navigation:/opt/ros/jazzy DEBUGINFOD_URLS=https://debuginfod.ubuntu.com /usr/bin/cmake /home/admin1/acc_robotics_ws/src/acc_robotics_description -DCMAKE_INSTALL_PREFIX=/home/admin1/acc_robotics_ws/install/acc_robotics_description
[0.561s] INFO:colcon.colcon_core.task.python.build:Building Python package in '/home/admin1/acc_robotics_ws/src/acc_waypoint_navigation'
[0.562s] INFO:colcon.colcon_core.shell:Skip shell extension 'powershell' for command environment: Not usable outside of PowerShell
[0.562s] DEBUG:colcon.colcon_core.shell:Skip shell extension 'dsv' for command environment
[1.016s] DEBUG:colcon.colcon_core.event_handler.log_command:Invoked command in '/home/admin1/acc_robotics_ws/build/acc_robotics_bringup' returned '0': CMAKE_PREFIX_PATH=${CMAKE_PREFIX_PATH}:/home/admin1/acc_robotics_ws/install/acc_waypoint_navigation:/opt/ros/jazzy DEBUGINFOD_URLS=https://debuginfod.ubuntu.com /usr/bin/cmake /home/admin1/acc_robotics_ws/src/acc_robotics_bringup -DCMAKE_INSTALL_PREFIX=/home/admin1/acc_robotics_ws/install/acc_robotics_bringup
[1.017s] DEBUG:colcon.colcon_core.event_handler.log_command:Invoking command in '/home/admin1/acc_robotics_ws/build/acc_robotics_bringup': CMAKE_PREFIX_PATH=${CMAKE_PREFIX_PATH}:/home/admin1/acc_robotics_ws/install/acc_waypoint_navigation:/opt/ros/jazzy DEBUGINFOD_URLS=https://debuginfod.ubuntu.com /usr/bin/cmake --build /home/admin1/acc_robotics_ws/build/acc_robotics_bringup -- -j12 -l12
[1.030s] DEBUG:colcon.colcon_core.event_handler.log_command:Invoked command in '/home/admin1/acc_robotics_ws/build/acc_robotics_description' returned '0': CMAKE_PREFIX_PATH=${CMAKE_PREFIX_PATH}:/home/admin1/acc_robotics_ws/install/acc_waypoint_navigation:/opt/ros/jazzy DEBUGINFOD_URLS=https://debuginfod.ubuntu.com /usr/bin/cmake /home/admin1/acc_robotics_ws/src/acc_robotics_description -DCMAKE_INSTALL_PREFIX=/home/admin1/acc_robotics_ws/install/acc_robotics_description
[1.031s] DEBUG:colcon.colcon_core.event_handler.log_command:Invoking command in '/home/admin1/acc_robotics_ws/build/acc_robotics_description': CMAKE_PREFIX_PATH=${CMAKE_PREFIX_PATH}:/home/admin1/acc_robotics_ws/install/acc_waypoint_navigation:/opt/ros/jazzy DEBUGINFOD_URLS=https://debuginfod.ubuntu.com /usr/bin/cmake --build /home/admin1/acc_robotics_ws/build/acc_robotics_description -- -j12 -l12
[1.050s] DEBUG:colcon.colcon_core.event_handler.log_command:Invoked command in '/home/admin1/acc_robotics_ws/build/acc_robotics_bringup' returned '0': CMAKE_PREFIX_PATH=${CMAKE_PREFIX_PATH}:/home/admin1/acc_robotics_ws/install/acc_waypoint_navigation:/opt/ros/jazzy DEBUGINFOD_URLS=https://debuginfod.ubuntu.com /usr/bin/cmake --build /home/admin1/acc_robotics_ws/build/acc_robotics_bringup -- -j12 -l12
[1.059s] DEBUG:colcon.colcon_core.event_handler.log_command:Invoking command in '/home/admin1/acc_robotics_ws/build/acc_robotics_bringup': CMAKE_PREFIX_PATH=${CMAKE_PREFIX_PATH}:/home/admin1/acc_robotics_ws/install/acc_waypoint_navigation:/opt/ros/jazzy DEBUGINFOD_URLS=https://debuginfod.ubuntu.com /usr/bin/cmake --install /home/admin1/acc_robotics_ws/build/acc_robotics_bringup
[1.065s] DEBUG:colcon.colcon_core.event_handler.log_command:Invoked command in '/home/admin1/acc_robotics_ws/build/acc_robotics_description' returned '0': CMAKE_PREFIX_PATH=${CMAKE_PREFIX_PATH}:/home/admin1/acc_robotics_ws/install/acc_waypoint_navigation:/opt/ros/jazzy DEBUGINFOD_URLS=https://debuginfod.ubuntu.com /usr/bin/cmake --build /home/admin1/acc_robotics_ws/build/acc_robotics_description -- -j12 -l12
[1.067s] DEBUG:colcon.colcon_core.event_handler.log_command:Invoking command in '/home/admin1/acc_robotics_ws/build/acc_robotics_description': CMAKE_PREFIX_PATH=${CMAKE_PREFIX_PATH}:/home/admin1/acc_robotics_ws/install/acc_waypoint_navigation:/opt/ros/jazzy DEBUGINFOD_URLS=https://debuginfod.ubuntu.com /usr/bin/cmake --install /home/admin1/acc_robotics_ws/build/acc_robotics_description
[1.070s] Level 1:colcon.colcon_core.environment:create_environment_scripts_only(acc_robotics_bringup)
[1.071s] DEBUG:colcon.colcon_core.event_handler.log_command:Invoked command in '/home/admin1/acc_robotics_ws/build/acc_robotics_bringup' returned '0': CMAKE_PREFIX_PATH=${CMAKE_PREFIX_PATH}:/home/admin1/acc_robotics_ws/install/acc_waypoint_navigation:/opt/ros/jazzy DEBUGINFOD_URLS=https://debuginfod.ubuntu.com /usr/bin/cmake --install /home/admin1/acc_robotics_ws/build/acc_robotics_bringup
[1.075s] Level 1:colcon.colcon_core.environment:checking '/home/admin1/acc_robotics_ws/install/acc_robotics_bringup' for CMake module files
[1.076s] Level 1:colcon.colcon_core.environment:checking '/home/admin1/acc_robotics_ws/install/acc_robotics_bringup' for CMake config files
[1.077s] Level 1:colcon.colcon_core.shell:create_environment_hook('acc_robotics_bringup', 'cmake_prefix_path')
[1.077s] INFO:colcon.colcon_core.shell:Creating environment hook '/home/admin1/acc_robotics_ws/install/acc_robotics_bringup/share/acc_robotics_bringup/hook/cmake_prefix_path.ps1'
[1.078s] INFO:colcon.colcon_core.shell:Creating environment descriptor '/home/admin1/acc_robotics_ws/install/acc_robotics_bringup/share/acc_robotics_bringup/hook/cmake_prefix_path.dsv'
[1.079s] INFO:colcon.colcon_core.shell:Creating environment hook '/home/admin1/acc_robotics_ws/install/acc_robotics_bringup/share/acc_robotics_bringup/hook/cmake_prefix_path.sh'
[1.080s] Level 1:colcon.colcon_core.environment:checking '/home/admin1/acc_robotics_ws/install/acc_robotics_bringup/bin'
[1.080s] Level 1:colcon.colcon_core.environment:checking '/home/admin1/acc_robotics_ws/install/acc_robotics_bringup/lib/pkgconfig/acc_robotics_bringup.pc'
[1.081s] Level 1:colcon.colcon_core.environment:checking '/home/admin1/acc_robotics_ws/install/acc_robotics_bringup/lib/python3.12/site-packages'
[1.081s] Level 1:colcon.colcon_core.environment:checking '/home/admin1/acc_robotics_ws/install/acc_robotics_bringup/bin'
[1.081s] INFO:colcon.colcon_core.shell:Creating package script '/home/admin1/acc_robotics_ws/install/acc_robotics_bringup/share/acc_robotics_bringup/package.ps1'
[1.082s] INFO:colcon.colcon_core.shell:Creating package descriptor '/home/admin1/acc_robotics_ws/install/acc_robotics_bringup/share/acc_robotics_bringup/package.dsv'
[1.082s] INFO:colcon.colcon_core.shell:Creating package script '/home/admin1/acc_robotics_ws/install/acc_robotics_bringup/share/acc_robotics_bringup/package.sh'
[1.083s] INFO:colcon.colcon_core.shell:Creating package script '/home/admin1/acc_robotics_ws/install/acc_robotics_bringup/share/acc_robotics_bringup/package.bash'
[1.083s] INFO:colcon.colcon_core.shell:Creating package script '/home/admin1/acc_robotics_ws/install/acc_robotics_bringup/share/acc_robotics_bringup/package.zsh'
[1.084s] Level 1:colcon.colcon_core.environment:create_file_with_runtime_dependencies(/home/admin1/acc_robotics_ws/install/acc_robotics_bringup/share/colcon-core/packages/acc_robotics_bringup)
[1.084s] Level 1:colcon.colcon_core.environment:create_environment_scripts_only(acc_robotics_bringup)
[1.085s] Level 1:colcon.colcon_core.environment:checking '/home/admin1/acc_robotics_ws/install/acc_robotics_bringup' for CMake module files
[1.085s] Level 1:colcon.colcon_core.environment:checking '/home/admin1/acc_robotics_ws/install/acc_robotics_bringup' for CMake config files
[1.085s] Level 1:colcon.colcon_core.shell:create_environment_hook('acc_robotics_bringup', 'cmake_prefix_path')
[1.085s] INFO:colcon.colcon_core.shell:Creating environment hook '/home/admin1/acc_robotics_ws/install/acc_robotics_bringup/share/acc_robotics_bringup/hook/cmake_prefix_path.ps1'
[1.086s] INFO:colcon.colcon_core.shell:Creating environment descriptor '/home/admin1/acc_robotics_ws/install/acc_robotics_bringup/share/acc_robotics_bringup/hook/cmake_prefix_path.dsv'
[1.086s] INFO:colcon.colcon_core.shell:Creating environment hook '/home/admin1/acc_robotics_ws/install/acc_robotics_bringup/share/acc_robotics_bringup/hook/cmake_prefix_path.sh'
[1.086s] Level 1:colcon.colcon_core.environment:checking '/home/admin1/acc_robotics_ws/install/acc_robotics_bringup/bin'
[1.086s] Level 1:colcon.colcon_core.environment:checking '/home/admin1/acc_robotics_ws/install/acc_robotics_bringup/lib/pkgconfig/acc_robotics_bringup.pc'
[1.087s] Level 1:colcon.colcon_core.environment:checking '/home/admin1/acc_robotics_ws/install/acc_robotics_bringup/lib/python3.12/site-packages'
[1.087s] Level 1:colcon.colcon_core.environment:checking '/home/admin1/acc_robotics_ws/install/acc_robotics_bringup/bin'
[1.087s] INFO:colcon.colcon_core.shell:Creating package script '/home/admin1/acc_robotics_ws/install/acc_robotics_bringup/share/acc_robotics_bringup/package.ps1'
[1.088s] INFO:colcon.colcon_core.shell:Creating package descriptor '/home/admin1/acc_robotics_ws/install/acc_robotics_bringup/share/acc_robotics_bringup/package.dsv'
[1.088s] INFO:colcon.colcon_core.shell:Creating package script '/home/admin1/acc_robotics_ws/install/acc_robotics_bringup/share/acc_robotics_bringup/package.sh'
[1.089s] INFO:colcon.colcon_core.shell:Creating package script '/home/admin1/acc_robotics_ws/install/acc_robotics_bringup/share/acc_robotics_bringup/package.bash'
[1.089s] INFO:colcon.colcon_core.shell:Creating package script '/home/admin1/acc_robotics_ws/install/acc_robotics_bringup/share/acc_robotics_bringup/package.zsh'
[1.089s] Level 1:colcon.colcon_core.environment:create_file_with_runtime_dependencies(/home/admin1/acc_robotics_ws/install/acc_robotics_bringup/share/colcon-core/packages/acc_robotics_bringup)
[1.090s] Level 1:colcon.colcon_core.environment:create_environment_scripts_only(acc_robotics_description)
[1.091s] Level 1:colcon.colcon_core.environment:checking '/home/admin1/acc_robotics_ws/install/acc_robotics_description' for CMake module files
[1.091s] DEBUG:colcon.colcon_core.event_handler.log_command:Invoked command in '/home/admin1/acc_robotics_ws/build/acc_robotics_description' returned '0': CMAKE_PREFIX_PATH=${CMAKE_PREFIX_PATH}:/home/admin1/acc_robotics_ws/install/acc_waypoint_navigation:/opt/ros/jazzy DEBUGINFOD_URLS=https://debuginfod.ubuntu.com /usr/bin/cmake --install /home/admin1/acc_robotics_ws/build/acc_robotics_description
[1.091s] Level 1:colcon.colcon_core.environment:checking '/home/admin1/acc_robotics_ws/install/acc_robotics_description' for CMake config files
[1.091s] Level 1:colcon.colcon_core.shell:create_environment_hook('acc_robotics_description', 'cmake_prefix_path')
[1.091s] INFO:colcon.colcon_core.shell:Creating environment hook '/home/admin1/acc_robotics_ws/install/acc_robotics_description/share/acc_robotics_description/hook/cmake_prefix_path.ps1'
[1.092s] INFO:colcon.colcon_core.shell:Creating environment descriptor '/home/admin1/acc_robotics_ws/install/acc_robotics_description/share/acc_robotics_description/hook/cmake_prefix_path.dsv'
[1.092s] INFO:colcon.colcon_core.shell:Creating environment hook '/home/admin1/acc_robotics_ws/install/acc_robotics_description/share/acc_robotics_description/hook/cmake_prefix_path.sh'
[1.093s] Level 1:colcon.colcon_core.environment:checking '/home/admin1/acc_robotics_ws/install/acc_robotics_description/bin'
[1.093s] Level 1:colcon.colcon_core.environment:checking '/home/admin1/acc_robotics_ws/install/acc_robotics_description/lib/pkgconfig/acc_robotics_description.pc'
[1.093s] Level 1:colcon.colcon_core.environment:checking '/home/admin1/acc_robotics_ws/install/acc_robotics_description/lib/python3.12/site-packages'
[1.093s] Level 1:colcon.colcon_core.environment:checking '/home/admin1/acc_robotics_ws/install/acc_robotics_description/bin'
[1.094s] INFO:colcon.colcon_core.shell:Creating package script '/home/admin1/acc_robotics_ws/install/acc_robotics_description/share/acc_robotics_description/package.ps1'
[1.094s] INFO:colcon.colcon_core.shell:Creating package descriptor '/home/admin1/acc_robotics_ws/install/acc_robotics_description/share/acc_robotics_description/package.dsv'
[1.094s] INFO:colcon.colcon_core.shell:Creating package script '/home/admin1/acc_robotics_ws/install/acc_robotics_description/share/acc_robotics_description/package.sh'
[1.095s] INFO:colcon.colcon_core.shell:Creating package script '/home/admin1/acc_robotics_ws/install/acc_robotics_description/share/acc_robotics_description/package.bash'
[1.095s] INFO:colcon.colcon_core.shell:Creating package script '/home/admin1/acc_robotics_ws/install/acc_robotics_description/share/acc_robotics_description/package.zsh'
[1.095s] Level 1:colcon.colcon_core.environment:create_file_with_runtime_dependencies(/home/admin1/acc_robotics_ws/install/acc_robotics_description/share/colcon-core/packages/acc_robotics_description)
[1.096s] Level 1:colcon.colcon_core.environment:create_environment_scripts_only(acc_robotics_description)
[1.096s] Level 1:colcon.colcon_core.environment:checking '/home/admin1/acc_robotics_ws/install/acc_robotics_description' for CMake module files
[1.097s] Level 1:colcon.colcon_core.environment:checking '/home/admin1/acc_robotics_ws/install/acc_robotics_description' for CMake config files
[1.097s] Level 1:colcon.colcon_core.shell:create_environment_hook('acc_robotics_description', 'cmake_prefix_path')
[1.098s] INFO:colcon.colcon_core.shell:Creating environment hook '/home/admin1/acc_robotics_ws/install/acc_robotics_description/share/acc_robotics_description/hook/cmake_prefix_path.ps1'
[1.098s] INFO:colcon.colcon_core.shell:Creating environment descriptor '/home/admin1/acc_robotics_ws/install/acc_robotics_description/share/acc_robotics_description/hook/cmake_prefix_path.dsv'
[1.098s] INFO:colcon.colcon_core.shell:Creating environment hook '/home/admin1/acc_robotics_ws/install/acc_robotics_description/share/acc_robotics_description/hook/cmake_prefix_path.sh'
[1.099s] Level 1:colcon.colcon_core.environment:checking '/home/admin1/acc_robotics_ws/install/acc_robotics_description/bin'
[1.099s] Level 1:colcon.colcon_core.environment:checking '/home/admin1/acc_robotics_ws/install/acc_robotics_description/lib/pkgconfig/acc_robotics_description.pc'
[1.099s] Level 1:colcon.colcon_core.environment:checking '/home/admin1/acc_robotics_ws/install/acc_robotics_description/lib/python3.12/site-packages'
[1.099s] Level 1:colcon.colcon_core.environment:checking '/home/admin1/acc_robotics_ws/install/acc_robotics_description/bin'
[1.100s] INFO:colcon.colcon_core.shell:Creating package script '/home/admin1/acc_robotics_ws/install/acc_robotics_description/share/acc_robotics_description/package.ps1'
[1.100s] INFO:colcon.colcon_core.shell:Creating package descriptor '/home/admin1/acc_robotics_ws/install/acc_robotics_description/share/acc_robotics_description/package.dsv'
[1.101s] INFO:colcon.colcon_core.shell:Creating package script '/home/admin1/acc_robotics_ws/install/acc_robotics_description/share/acc_robotics_description/package.sh'
[1.101s] INFO:colcon.colcon_core.shell:Creating package script '/home/admin1/acc_robotics_ws/install/acc_robotics_description/share/acc_robotics_description/package.bash'
[1.101s] INFO:colcon.colcon_core.shell:Creating package script '/home/admin1/acc_robotics_ws/install/acc_robotics_description/share/acc_robotics_description/package.zsh'
[1.102s] Level 1:colcon.colcon_core.environment:create_file_with_runtime_dependencies(/home/admin1/acc_robotics_ws/install/acc_robotics_description/share/colcon-core/packages/acc_robotics_description)
[1.344s] DEBUG:colcon.colcon_core.event_handler.log_command:Invoking command in '/home/admin1/acc_robotics_ws/src/acc_waypoint_navigation': DEBUGINFOD_URLS=https://debuginfod.ubuntu.com PYTHONPATH=/home/admin1/acc_robotics_ws/build/acc_waypoint_navigation/prefix_override:/usr/lib/python3/dist-packages/colcon_core/task/python/colcon_distutils_commands:/home/admin1/acc_robotics_ws/install/acc_waypoint_navigation/lib/python3.12/site-packages:${PYTHONPATH} /usr/bin/python3 -W ignore:setup.py install is deprecated -W ignore:easy_install command is deprecated setup.py egg_info --egg-base ../../build/acc_waypoint_navigation build --build-base /home/admin1/acc_robotics_ws/build/acc_waypoint_navigation/build install --record /home/admin1/acc_robotics_ws/build/acc_waypoint_navigation/install.log --single-version-externally-managed install_data
[1.493s] DEBUG:colcon.colcon_core.event_handler.log_command:Invoked command in '/home/admin1/acc_robotics_ws/build/acc_robotics_controller' returned '0': CMAKE_PREFIX_PATH=${CMAKE_PREFIX_PATH}:/home/admin1/acc_robotics_ws/install/acc_waypoint_navigation:/opt/ros/jazzy DEBUGINFOD_URLS=https://debuginfod.ubuntu.com /usr/bin/cmake /home/admin1/acc_robotics_ws/src/acc_robotics_controller -DCMAKE_INSTALL_PREFIX=/home/admin1/acc_robotics_ws/install/acc_robotics_controller
[1.494s] DEBUG:colcon.colcon_core.event_handler.log_command:Invoking command in '/home/admin1/acc_robotics_ws/build/acc_robotics_controller': CMAKE_PREFIX_PATH=${CMAKE_PREFIX_PATH}:/home/admin1/acc_robotics_ws/install/acc_waypoint_navigation:/opt/ros/jazzy DEBUGINFOD_URLS=https://debuginfod.ubuntu.com /usr/bin/cmake --build /home/admin1/acc_robotics_ws/build/acc_robotics_controller -- -j12 -l12
[1.934s] Level 1:colcon.colcon_core.environment:checking '/home/admin1/acc_robotics_ws/install/acc_waypoint_navigation' for CMake module files
[1.934s] DEBUG:colcon.colcon_core.event_handler.log_command:Invoked command in '/home/admin1/acc_robotics_ws/src/acc_waypoint_navigation' returned '0': DEBUGINFOD_URLS=https://debuginfod.ubuntu.com PYTHONPATH=/home/admin1/acc_robotics_ws/build/acc_waypoint_navigation/prefix_override:/usr/lib/python3/dist-packages/colcon_core/task/python/colcon_distutils_commands:/home/admin1/acc_robotics_ws/install/acc_waypoint_navigation/lib/python3.12/site-packages:${PYTHONPATH} /usr/bin/python3 -W ignore:setup.py install is deprecated -W ignore:easy_install command is deprecated setup.py egg_info --egg-base ../../build/acc_waypoint_navigation build --build-base /home/admin1/acc_robotics_ws/build/acc_waypoint_navigation/build install --record /home/admin1/acc_robotics_ws/build/acc_waypoint_navigation/install.log --single-version-externally-managed install_data
[1.934s] Level 1:colcon.colcon_core.environment:checking '/home/admin1/acc_robotics_ws/install/acc_waypoint_navigation' for CMake config files
[1.935s] Level 1:colcon.colcon_core.environment:checking '/home/admin1/acc_robotics_ws/install/acc_waypoint_navigation/lib'
[1.935s] Level 1:colcon.colcon_core.environment:checking '/home/admin1/acc_robotics_ws/install/acc_waypoint_navigation/bin'
[1.935s] Level 1:colcon.colcon_core.environment:checking '/home/admin1/acc_robotics_ws/install/acc_waypoint_navigation/lib/pkgconfig/acc_waypoint_navigation.pc'
[1.935s] Level 1:colcon.colcon_core.environment:checking '/home/admin1/acc_robotics_ws/install/acc_waypoint_navigation/lib/python3.12/site-packages'
[1.935s] Level 1:colcon.colcon_core.shell:create_environment_hook('acc_waypoint_navigation', 'pythonpath')
[1.935s] INFO:colcon.colcon_core.shell:Creating environment hook '/home/admin1/acc_robotics_ws/install/acc_waypoint_navigation/share/acc_waypoint_navigation/hook/pythonpath.ps1'
[1.936s] INFO:colcon.colcon_core.shell:Creating environment descriptor '/home/admin1/acc_robotics_ws/install/acc_waypoint_navigation/share/acc_waypoint_navigation/hook/pythonpath.dsv'
[1.936s] INFO:colcon.colcon_core.shell:Creating environment hook '/home/admin1/acc_robotics_ws/install/acc_waypoint_navigation/share/acc_waypoint_navigation/hook/pythonpath.sh'
[1.936s] Level 1:colcon.colcon_core.environment:checking '/home/admin1/acc_robotics_ws/install/acc_waypoint_navigation/bin'
[1.937s] Level 1:colcon.colcon_core.environment:create_environment_scripts_only(acc_waypoint_navigation)
[1.937s] INFO:colcon.colcon_core.shell:Creating package script '/home/admin1/acc_robotics_ws/install/acc_waypoint_navigation/share/acc_waypoint_navigation/package.ps1'
[1.937s] INFO:colcon.colcon_core.shell:Creating package descriptor '/home/admin1/acc_robotics_ws/install/acc_waypoint_navigation/share/acc_waypoint_navigation/package.dsv'
[1.937s] INFO:colcon.colcon_core.shell:Creating package script '/home/admin1/acc_robotics_ws/install/acc_waypoint_navigation/share/acc_waypoint_navigation/package.sh'
[1.938s] INFO:colcon.colcon_core.shell:Creating package script '/home/admin1/acc_robotics_ws/install/acc_waypoint_navigation/share/acc_waypoint_navigation/package.bash'
[1.938s] INFO:colcon.colcon_core.shell:Creating package script '/home/admin1/acc_robotics_ws/install/acc_waypoint_navigation/share/acc_waypoint_navigation/package.zsh'
[1.938s] Level 1:colcon.colcon_core.environment:create_file_with_runtime_dependencies(/home/admin1/acc_robotics_ws/install/acc_waypoint_navigation/share/colcon-core/packages/acc_waypoint_navigation)
[8.396s] DEBUG:colcon.colcon_core.event_handler.log_command:Invoked command in '/home/admin1/acc_robotics_ws/build/acc_robotics_controller' returned '0': CMAKE_PREFIX_PATH=${CMAKE_PREFIX_PATH}:/home/admin1/acc_robotics_ws/install/acc_waypoint_navigation:/opt/ros/jazzy DEBUGINFOD_URLS=https://debuginfod.ubuntu.com /usr/bin/cmake --build /home/admin1/acc_robotics_ws/build/acc_robotics_controller -- -j12 -l12
[8.397s] DEBUG:colcon.colcon_core.event_handler.log_command:Invoking command in '/home/admin1/acc_robotics_ws/build/acc_robotics_controller': CMAKE_PREFIX_PATH=${CMAKE_PREFIX_PATH}:/home/admin1/acc_robotics_ws/install/acc_waypoint_navigation:/opt/ros/jazzy DEBUGINFOD_URLS=https://debuginfod.ubuntu.com /usr/bin/cmake --install /home/admin1/acc_robotics_ws/build/acc_robotics_controller
[8.411s] Level 1:colcon.colcon_core.environment:create_environment_scripts_only(acc_robotics_controller)
[8.411s] DEBUG:colcon.colcon_core.event_handler.log_command:Invoked command in '/home/admin1/acc_robotics_ws/build/acc_robotics_controller' returned '0': CMAKE_PREFIX_PATH=${CMAKE_PREFIX_PATH}:/home/admin1/acc_robotics_ws/install/acc_waypoint_navigation:/opt/ros/jazzy DEBUGINFOD_URLS=https://debuginfod.ubuntu.com /usr/bin/cmake --install /home/admin1/acc_robotics_ws/build/acc_robotics_controller
[8.411s] Level 1:colcon.colcon_core.environment:checking '/home/admin1/acc_robotics_ws/install/acc_robotics_controller' for CMake module files
[8.412s] Level 1:colcon.colcon_core.environment:checking '/home/admin1/acc_robotics_ws/install/acc_robotics_controller' for CMake config files
[8.412s] Level 1:colcon.colcon_core.shell:create_environment_hook('acc_robotics_controller', 'cmake_prefix_path')
[8.412s] INFO:colcon.colcon_core.shell:Creating environment hook '/home/admin1/acc_robotics_ws/install/acc_robotics_controller/share/acc_robotics_controller/hook/cmake_prefix_path.ps1'
[8.412s] INFO:colcon.colcon_core.shell:Creating environment descriptor '/home/admin1/acc_robotics_ws/install/acc_robotics_controller/share/acc_robotics_controller/hook/cmake_prefix_path.dsv'
[8.413s] INFO:colcon.colcon_core.shell:Creating environment hook '/home/admin1/acc_robotics_ws/install/acc_robotics_controller/share/acc_robotics_controller/hook/cmake_prefix_path.sh'
[8.413s] Level 1:colcon.colcon_core.environment:checking '/home/admin1/acc_robotics_ws/install/acc_robotics_controller/lib'
[8.413s] Level 1:colcon.colcon_core.environment:checking '/home/admin1/acc_robotics_ws/install/acc_robotics_controller/bin'
[8.413s] Level 1:colcon.colcon_core.environment:checking '/home/admin1/acc_robotics_ws/install/acc_robotics_controller/lib/pkgconfig/acc_robotics_controller.pc'
[8.413s] Level 1:colcon.colcon_core.environment:checking '/home/admin1/acc_robotics_ws/install/acc_robotics_controller/lib/python3.12/site-packages'
[8.414s] Level 1:colcon.colcon_core.environment:checking '/home/admin1/acc_robotics_ws/install/acc_robotics_controller/bin'
[8.414s] INFO:colcon.colcon_core.shell:Creating package script '/home/admin1/acc_robotics_ws/install/acc_robotics_controller/share/acc_robotics_controller/package.ps1'
[8.414s] INFO:colcon.colcon_core.shell:Creating package descriptor '/home/admin1/acc_robotics_ws/install/acc_robotics_controller/share/acc_robotics_controller/package.dsv'
[8.414s] INFO:colcon.colcon_core.shell:Creating package script '/home/admin1/acc_robotics_ws/install/acc_robotics_controller/share/acc_robotics_controller/package.sh'
[8.415s] INFO:colcon.colcon_core.shell:Creating package script '/home/admin1/acc_robotics_ws/install/acc_robotics_controller/share/acc_robotics_controller/package.bash'
[8.415s] INFO:colcon.colcon_core.shell:Creating package script '/home/admin1/acc_robotics_ws/install/acc_robotics_controller/share/acc_robotics_controller/package.zsh'
[8.415s] Level 1:colcon.colcon_core.environment:create_file_with_runtime_dependencies(/home/admin1/acc_robotics_ws/install/acc_robotics_controller/share/colcon-core/packages/acc_robotics_controller)
[8.416s] Level 1:colcon.colcon_core.environment:create_environment_scripts_only(acc_robotics_controller)
[8.416s] Level 1:colcon.colcon_core.environment:checking '/home/admin1/acc_robotics_ws/install/acc_robotics_controller' for CMake module files
[8.416s] Level 1:colcon.colcon_core.environment:checking '/home/admin1/acc_robotics_ws/install/acc_robotics_controller' for CMake config files
[8.416s] Level 1:colcon.colcon_core.shell:create_environment_hook('acc_robotics_controller', 'cmake_prefix_path')
[8.416s] INFO:colcon.colcon_core.shell:Creating environment hook '/home/admin1/acc_robotics_ws/install/acc_robotics_controller/share/acc_robotics_controller/hook/cmake_prefix_path.ps1'
[8.417s] INFO:colcon.colcon_core.shell:Creating environment descriptor '/home/admin1/acc_robotics_ws/install/acc_robotics_controller/share/acc_robotics_controller/hook/cmake_prefix_path.dsv'
[8.417s] INFO:colcon.colcon_core.shell:Creating environment hook '/home/admin1/acc_robotics_ws/install/acc_robotics_controller/share/acc_robotics_controller/hook/cmake_prefix_path.sh'
[8.417s] Level 1:colcon.colcon_core.environment:checking '/home/admin1/acc_robotics_ws/install/acc_robotics_controller/lib'
[8.417s] Level 1:colcon.colcon_core.environment:checking '/home/admin1/acc_robotics_ws/install/acc_robotics_controller/bin'
[8.417s] Level 1:colcon.colcon_core.environment:checking '/home/admin1/acc_robotics_ws/install/acc_robotics_controller/lib/pkgconfig/acc_robotics_controller.pc'
[8.418s] Level 1:colcon.colcon_core.environment:checking '/home/admin1/acc_robotics_ws/install/acc_robotics_controller/lib/python3.12/site-packages'
[8.418s] Level 1:colcon.colcon_core.environment:checking '/home/admin1/acc_robotics_ws/install/acc_robotics_controller/bin'
[8.418s] INFO:colcon.colcon_core.shell:Creating package script '/home/admin1/acc_robotics_ws/install/acc_robotics_controller/share/acc_robotics_controller/package.ps1'
[8.419s] INFO:colcon.colcon_core.shell:Creating package descriptor '/home/admin1/acc_robotics_ws/install/acc_robotics_controller/share/acc_robotics_controller/package.dsv'
[8.419s] INFO:colcon.colcon_core.shell:Creating package script '/home/admin1/acc_robotics_ws/install/acc_robotics_controller/share/acc_robotics_controller/package.sh'
[8.419s] INFO:colcon.colcon_core.shell:Creating package script '/home/admin1/acc_robotics_ws/install/acc_robotics_controller/share/acc_robotics_controller/package.bash'
[8.420s] INFO:colcon.colcon_core.shell:Creating package script '/home/admin1/acc_robotics_ws/install/acc_robotics_controller/share/acc_robotics_controller/package.zsh'
[8.420s] Level 1:colcon.colcon_core.environment:create_file_with_runtime_dependencies(/home/admin1/acc_robotics_ws/install/acc_robotics_controller/share/colcon-core/packages/acc_robotics_controller)
[8.420s] DEBUG:colcon.colcon_parallel_executor.executor.parallel:closing loop
[8.420s] DEBUG:colcon.colcon_parallel_executor.executor.parallel:loop closed
[8.420s] DEBUG:colcon.colcon_parallel_executor.executor.parallel:run_until_complete finished with '0'
[8.421s] DEBUG:colcon.colcon_core.event_reactor:joining thread
[8.427s] INFO:colcon.colcon_core.plugin_system:Skipping extension 'colcon_notification.desktop_notification.terminal_notifier': Not used on non-Darwin systems
[8.427s] INFO:colcon.colcon_core.plugin_system:Skipping extension 'colcon_notification.desktop_notification.win32': Not used on non-Windows systems
[8.427s] INFO:colcon.colcon_notification.desktop_notification:Sending desktop notification using 'notify2'
[8.438s] DEBUG:colcon.colcon_core.event_reactor:joined thread
[8.439s] INFO:colcon.colcon_core.shell:Creating prefix script '/home/admin1/acc_robotics_ws/install/local_setup.ps1'
[8.439s] INFO:colcon.colcon_core.shell:Creating prefix util module '/home/admin1/acc_robotics_ws/install/_local_setup_util_ps1.py'
[8.440s] INFO:colcon.colcon_core.shell:Creating prefix chain script '/home/admin1/acc_robotics_ws/install/setup.ps1'
[8.441s] INFO:colcon.colcon_core.shell:Creating prefix script '/home/admin1/acc_robotics_ws/install/local_setup.sh'
[8.442s] INFO:colcon.colcon_core.shell:Creating prefix util module '/home/admin1/acc_robotics_ws/install/_local_setup_util_sh.py'
[8.442s] INFO:colcon.colcon_core.shell:Creating prefix chain script '/home/admin1/acc_robotics_ws/install/setup.sh'
[8.443s] INFO:colcon.colcon_core.shell:Creating prefix script '/home/admin1/acc_robotics_ws/install/local_setup.bash'
[8.443s] INFO:colcon.colcon_core.shell:Creating prefix chain script '/home/admin1/acc_robotics_ws/install/setup.bash'
[8.444s] INFO:colcon.colcon_core.shell:Creating prefix script '/home/admin1/acc_robotics_ws/install/local_setup.zsh'
[8.445s] INFO:colcon.colcon_core.shell:Creating prefix chain script '/home/admin1/acc_robotics_ws/install/setup.zsh'
